2020-04-17 23:11:45,358-INFO-object_detection_server.py:222 presenter server is starting...
2020-04-17 23:11:45,358-INFO-presenter_server.py:79 presenter server starting, type: object_detection
2020-04-18 00:16:53,441-INFO-object_detection_server.py:222 presenter server is starting...
2020-04-18 00:16:53,441-INFO-presenter_server.py:79 presenter server starting, type: object_detection
2020-04-18 00:48:23,607-INFO-object_detection_server.py:222 presenter server is starting...
2020-04-18 00:48:23,610-INFO-presenter_server.py:79 presenter server starting, type: object_detection
2020-04-18 00:52:09,291-INFO-presenter_server.py:90 receive signal, signum:15, frame:<frame object at 0x2f72e98>
2020-04-18 00:52:09,291-INFO-presenter_server.py:93 presenter server exit by Ctrl + c
2020-04-18 15:35:22,627-INFO-object_detection_server.py:222 presenter server is starting...
2020-04-18 15:35:22,628-INFO-presenter_server.py:79 presenter server starting, type: object_detection
2020-04-18 15:57:03,968-INFO-object_detection_server.py:222 presenter server is starting...
2020-04-18 15:57:03,968-INFO-presenter_server.py:79 presenter server starting, type: object_detection
2020-04-18 16:57:07,869-INFO-object_detection_server.py:222 presenter server is starting...
2020-04-18 16:57:07,872-INFO-presenter_server.py:79 presenter server starting, type: object_detection
2020-04-18 17:20:30,027-INFO-object_detection_server.py:222 presenter server is starting...
2020-04-18 17:20:30,028-INFO-presenter_server.py:79 presenter server starting, type: object_detection
2020-04-18 18:38:46,824-INFO-object_detection_server.py:222 presenter server is starting...
2020-04-18 18:38:46,827-INFO-presenter_server.py:79 presenter server starting, type: object_detection
2020-04-18 19:49:19,438-INFO-object_detection_server.py:222 presenter server is starting...
2020-04-18 19:49:19,444-INFO-presenter_server.py:79 presenter server starting, type: object_detection
2020-04-18 20:09:52,350-INFO-object_detection_server.py:222 presenter server is starting...
2020-04-18 20:09:52,351-INFO-presenter_server.py:79 presenter server starting, type: object_detection
2020-04-18 20:42:34,939-INFO-object_detection_server.py:222 presenter server is starting...
2020-04-18 20:42:34,944-INFO-presenter_server.py:79 presenter server starting, type: object_detection
2020-04-18 23:40:15,999-INFO-object_detection_server.py:222 presenter server is starting...
2020-04-18 23:40:16,000-INFO-presenter_server.py:79 presenter server starting, type: object_detection
2020-04-19 01:00:11,144-INFO-object_detection_server.py:222 presenter server is starting...
2020-04-19 01:00:11,146-INFO-presenter_server.py:79 presenter server starting, type: object_detection
2020-04-19 01:04:29,771-INFO-object_detection_server.py:222 presenter server is starting...
2020-04-19 01:04:29,774-INFO-presenter_server.py:79 presenter server starting, type: object_detection
2020-04-19 01:09:08,474-INFO-presenter_server.py:90 receive signal, signum:15, frame:<frame object at 0x2c13868>
2020-04-19 01:09:08,474-INFO-presenter_server.py:93 presenter server exit by Ctrl + c
2020-04-19 12:55:25,288-INFO-object_detection_server.py:222 presenter server is starting...
2020-04-19 12:55:25,292-INFO-presenter_server.py:79 presenter server starting, type: object_detection
2020-04-19 13:03:32,364-INFO-object_detection_server.py:222 presenter server is starting...
2020-04-19 13:03:32,365-INFO-presenter_server.py:79 presenter server starting, type: object_detection
2020-04-19 13:11:09,607-INFO-object_detection_server.py:222 presenter server is starting...
2020-04-19 13:11:09,608-INFO-presenter_server.py:79 presenter server starting, type: object_detection
2020-04-19 13:18:40,914-INFO-object_detection_server.py:222 presenter server is starting...
2020-04-19 13:18:40,915-INFO-presenter_server.py:79 presenter server starting, type: object_detection
2020-04-19 13:35:49,795-INFO-object_detection_server.py:222 presenter server is starting...
2020-04-19 13:35:49,800-INFO-presenter_server.py:79 presenter server starting, type: object_detection
2020-04-19 13:50:24,621-INFO-object_detection_server.py:222 presenter server is starting...
2020-04-19 13:50:24,622-INFO-presenter_server.py:79 presenter server starting, type: object_detection
2020-04-19 14:44:33,293-INFO-object_detection_server.py:222 presenter server is starting...
2020-04-19 14:44:33,295-INFO-presenter_server.py:79 presenter server starting, type: object_detection
2020-04-19 15:09:00,636-INFO-presenter_server.py:90 receive signal, signum:15, frame:<frame object at 0x26719c8>
2020-04-19 15:09:00,636-INFO-presenter_server.py:93 presenter server exit by Ctrl + c
2020-04-19 15:09:00,653-INFO-presenter_socket_server.py:295 conns:{}
2020-04-19 15:09:00,653-INFO-presenter_socket_server.py:296 presenter server listen thread exit.
2020-04-19 16:20:42,800-INFO-object_detection_server.py:222 presenter server is starting...
2020-04-19 16:20:42,800-INFO-presenter_server.py:79 presenter server starting, type: object_detection
2020-04-19 16:34:44,327-INFO-object_detection_server.py:222 presenter server is starting...
2020-04-19 16:34:44,328-INFO-presenter_server.py:79 presenter server starting, type: object_detection
2020-04-19 20:00:12,461-INFO-object_detection_server.py:222 presenter server is starting...
2020-04-19 20:00:12,467-INFO-presenter_server.py:79 presenter server starting, type: object_detection
2020-04-19 22:30:27,136-INFO-object_detection_server.py:222 presenter server is starting...
2020-04-19 22:30:27,140-INFO-presenter_server.py:79 presenter server starting, type: object_detection
2020-04-19 23:56:52,749-INFO-presenter_server.py:90 receive signal, signum:15, frame:<frame object at 0x276f288>
2020-04-19 23:56:52,749-INFO-presenter_server.py:93 presenter server exit by Ctrl + c
2020-04-20 22:30:56,104-INFO-object_detection_server.py:222 presenter server is starting...
2020-04-20 22:30:56,112-INFO-presenter_server.py:79 presenter server starting, type: object_detection
